<?xml version="1.0" encoding="UTF-8"?>
<!-- Generated by org.testng.reporters.JUnitReportReporter -->
<testsuite hostname="VenkataathysMBP.attlocal.net" failures="0" tests="4" name="tests.MainTest" time="39.995" errors="0" timestamp="2023-01-05T19:32:05 EST" skipped="0">
  <testcase classname="tests.MainTest" name="launchFacebook" time="11.600"/>
  <system-out/>
  <testcase classname="tests.MainTest" name="launchGoogle" time="3.712"/>
  <system-out/>
  <testcase classname="tests.MainTest" name="launchGoogle" time="8.831"/>
  <system-out/>
  <testcase classname="tests.MainTest" name="launchFacebook" time="15.852"/>
  <system-out/>
</testsuite> <!-- tests.MainTest -->
